\BOOKMARK [1][-]{section.1}{Changes and outstanding items}{}% 1
\BOOKMARK [2][-]{subsection.1.1}{Changelog}{section.1}% 2
\BOOKMARK [3][-]{subsubsection.1.1.1}{Changes relative to v2}{subsection.1.1}% 3
\BOOKMARK [3][-]{subsubsection.1.1.2}{Changes relative to v1}{subsection.1.1}% 4
\BOOKMARK [2][-]{subsection.1.2}{Outstanding Items}{section.1}% 5
\BOOKMARK [1][-]{section.2}{Executive Summary}{}% 6
\BOOKMARK [1][-]{section.3}{Introduction}{}% 7
\BOOKMARK [1][-]{section.4}{Data and Monte Carlo Samples}{}% 8
\BOOKMARK [2][-]{subsection.4.1}{Data Samples}{section.4}% 9
\BOOKMARK [2][-]{subsection.4.2}{Monte Carlo Samples}{section.4}% 10
\BOOKMARK [1][-]{section.5}{Object Reconstruction}{}% 11
\BOOKMARK [2][-]{subsection.5.1}{Trigger}{section.5}% 12
\BOOKMARK [2][-]{subsection.5.2}{Light leptons}{section.5}% 13
\BOOKMARK [2][-]{subsection.5.3}{Jets}{section.5}% 14
\BOOKMARK [2][-]{subsection.5.4}{B-tagged Jets}{section.5}% 15
\BOOKMARK [2][-]{subsection.5.5}{Missing transverse energy}{section.5}% 16
\BOOKMARK [1][-]{section.6}{Event Selection and Signal Region Definitions}{}% 17
\BOOKMARK [2][-]{subsection.6.1}{Event Preselection}{section.6}% 18
\BOOKMARK [2][-]{subsection.6.2}{Fit Regions}{section.6}% 19
\BOOKMARK [2][-]{subsection.6.3}{Non-Prompt Lepton Estimation}{section.6}% 20
\BOOKMARK [3][-]{subsubsection.6.3.1}{tbart Validation}{subsection.6.3}% 21
\BOOKMARK [3][-]{subsubsection.6.3.2}{Z+jets Validation}{subsection.6.3}% 22
\BOOKMARK [1][-]{section.7}{tZ Interference Studies and Separation Multivariate Analysis}{}% 23
\BOOKMARK [2][-]{subsection.7.1}{Interference Studies}{section.7}% 24
\BOOKMARK [2][-]{subsection.7.2}{Top Mass Reconstruction}{section.7}% 25
\BOOKMARK [2][-]{subsection.7.3}{tZ BDT}{section.7}% 26
\BOOKMARK [1][-]{section.8}{Systematic Uncertainties}{}% 27
\BOOKMARK [1][-]{section.9}{Results}{}% 28
\BOOKMARK [2][-]{subsection.9.1}{1-jet Fit Results}{section.9}% 29
\BOOKMARK [2][-]{subsection.9.2}{2-jet Fit Results}{section.9}% 30
\BOOKMARK [1][-]{section.10}{Conclusion}{}% 31
